Section: 2, length: 8
Section: 4, length: 153
Section: 5, length: 54
Section: 6, length: 19
Section: 6, length: 8
Section: 6, length: 3
Section: 6, length: 4
Section: 5, length: 38
Section: 6, length: 16
Section: 6, length: 3
Section: 6, length: 4
Section: 5, length: 49
Section: 6, length: 25
Section: 6, length: 4
Section: 6, length: 5
Section: 4, length: 145
Section: 5, length: 52
Section: 6, length: 19
Section: 6, length: 6
Section: 6, length: 3
Section: 6, length: 4
Section: 5, length: 36
Section: 6, length: 14
Section: 6, length: 3
Section: 6, length: 4
Section: 5, length: 45
Section: 6, length: 21
Section: 6, length: 4
Section: 6, length: 5
Section: 4, length: 145
Section: 5, length: 52
Section: 6, length: 19
Section: 6, length: 6
Section: 6, length: 3
Section: 6, length: 4
Section: 5, length: 36
Section: 6, length: 14
Section: 6, length: 3
Section: 6, length: 4
Section: 5, length: 45
Section: 6, length: 21
Section: 6, length: 4
Section: 6, length: 5
Section: 4, length: 153
Section: 5, length: 54
Section: 6, length: 19
Section: 6, length: 8
Section: 6, length: 3
Section: 6, length: 4
Section: 5, length: 38
Section: 6, length: 16
Section: 6, length: 3
Section: 6, length: 4
Section: 5, length: 49
Section: 6, length: 25
Section: 6, length: 4
Section: 6, length: 5
