Section: 2, length: 8
Section: 4, length: 2874
Section: 5, length: 2447
Section: 6, length: 2401
Section: 6, length: 9
Section: 6, length: 8
Section: 6, length: 9
Section: 5, length: 98
Section: 6, length: 28
Section: 6, length: 27
Section: 6, length: 28
Section: 5, length: 317
Section: 6, length: 101
Section: 6, length: 100
Section: 6, length: 101
Section: 4, length: 2874
Section: 5, length: 2447
Section: 6, length: 2401
Section: 6, length: 9
Section: 6, length: 8
Section: 6, length: 9
Section: 5, length: 98
Section: 6, length: 28
Section: 6, length: 27
Section: 6, length: 28
Section: 5, length: 317
Section: 6, length: 101
Section: 6, length: 100
Section: 6, length: 101
Section: 4, length: 2874
Section: 5, length: 2447
Section: 6, length: 2401
Section: 6, length: 9
Section: 6, length: 8
Section: 6, length: 9
Section: 5, length: 98
Section: 6, length: 28
Section: 6, length: 27
Section: 6, length: 28
Section: 5, length: 317
Section: 6, length: 101
Section: 6, length: 100
Section: 6, length: 101
