Section: 2, length: 8
Section: 4, length: 140
Section: 5, length: 52
Section: 6, length: 19
Section: 6, length: 6
Section: 6, length: 3
Section: 6, length: 4
Section: 5, length: 34
Section: 6, length: 12
Section: 6, length: 3
Section: 6, length: 4
Section: 5, length: 42
Section: 6, length: 18
Section: 6, length: 4
Section: 6, length: 5
Section: 4, length: 135
Section: 5, length: 51
Section: 6, length: 19
Section: 6, length: 5
Section: 6, length: 3
Section: 6, length: 4
Section: 5, length: 33
Section: 6, length: 11
Section: 6, length: 3
Section: 6, length: 4
Section: 5, length: 39
Section: 6, length: 15
Section: 6, length: 4
Section: 6, length: 5
Section: 4, length: 135
Section: 5, length: 51
Section: 6, length: 19
Section: 6, length: 5
Section: 6, length: 3
Section: 6, length: 4
Section: 5, length: 33
Section: 6, length: 11
Section: 6, length: 3
Section: 6, length: 4
Section: 5, length: 39
Section: 6, length: 15
Section: 6, length: 4
Section: 6, length: 5
Section: 4, length: 140
Section: 5, length: 52
Section: 6, length: 19
Section: 6, length: 6
Section: 6, length: 3
Section: 6, length: 4
Section: 5, length: 34
Section: 6, length: 12
Section: 6, length: 3
Section: 6, length: 4
Section: 5, length: 42
Section: 6, length: 18
Section: 6, length: 4
Section: 6, length: 5
