Section: 2, length: 8
Section: 4, length: 117
Section: 5, length: 50
Section: 6, length: 19
Section: 6, length: 4
Section: 6, length: 3
Section: 6, length: 4
Section: 5, length: 26
Section: 6, length: 4
Section: 6, length: 3
Section: 6, length: 4
Section: 5, length: 29
Section: 6, length: 5
Section: 6, length: 4
Section: 6, length: 5
Section: 4, length: 117
Section: 5, length: 50
Section: 6, length: 19
Section: 6, length: 4
Section: 6, length: 3
Section: 6, length: 4
Section: 5, length: 26
Section: 6, length: 4
Section: 6, length: 3
Section: 6, length: 4
Section: 5, length: 29
Section: 6, length: 5
Section: 6, length: 4
Section: 6, length: 5
Section: 4, length: 117
Section: 5, length: 50
Section: 6, length: 19
Section: 6, length: 4
Section: 6, length: 3
Section: 6, length: 4
Section: 5, length: 26
Section: 6, length: 4
Section: 6, length: 3
Section: 6, length: 4
Section: 5, length: 29
Section: 6, length: 5
Section: 6, length: 4
Section: 6, length: 5
