Section: 2, length: 8
Section: 4, length: 2178
Section: 5, length: 1844
Section: 6, length: 1801
Section: 6, length: 8
Section: 6, length: 7
Section: 6, length: 8
Section: 5, length: 80
Section: 6, length: 22
Section: 6, length: 21
Section: 6, length: 22
Section: 5, length: 242
Section: 6, length: 76
Section: 6, length: 75
Section: 6, length: 76
Section: 4, length: 2178
Section: 5, length: 1844
Section: 6, length: 1801
Section: 6, length: 8
Section: 6, length: 7
Section: 6, length: 8
Section: 5, length: 80
Section: 6, length: 22
Section: 6, length: 21
Section: 6, length: 22
Section: 5, length: 242
Section: 6, length: 76
Section: 6, length: 75
Section: 6, length: 76
Section: 4, length: 2178
Section: 5, length: 1844
Section: 6, length: 1801
Section: 6, length: 8
Section: 6, length: 7
Section: 6, length: 8
Section: 5, length: 80
Section: 6, length: 22
Section: 6, length: 21
Section: 6, length: 22
Section: 5, length: 242
Section: 6, length: 76
Section: 6, length: 75
Section: 6, length: 76
Section: 4, length: 2178
Section: 5, length: 1844
Section: 6, length: 1801
Section: 6, length: 8
Section: 6, length: 7
Section: 6, length: 8
Section: 5, length: 80
Section: 6, length: 22
Section: 6, length: 21
Section: 6, length: 22
Section: 5, length: 242
Section: 6, length: 76
Section: 6, length: 75
Section: 6, length: 76
