Section: 2, length: 8
Section: 4, length: 14951
Section: 5, length: 8362
Section: 6, length: 7201
Section: 6, length: 449
Section: 6, length: 587
Section: 6, length: 105
Section: 5, length: 2749
Section: 6, length: 1092
Section: 6, length: 1437
Section: 6, length: 205
Section: 5, length: 3828
Section: 6, length: 1826
Section: 6, length: 1637
Section: 6, length: 350
Section: 4, length: 14731
Section: 5, length: 8333
Section: 6, length: 7201
Section: 6, length: 474
Section: 6, length: 542
Section: 6, length: 96
Section: 5, length: 2704
Section: 6, length: 1160
Section: 6, length: 1335
Section: 6, length: 194
Section: 5, length: 3682
Section: 6, length: 1885
Section: 6, length: 1449
Section: 6, length: 333
Section: 4, length: 14431
Section: 5, length: 8278
Section: 6, length: 7201
Section: 6, length: 455
Section: 6, length: 506
Section: 6, length: 96
Section: 5, length: 2562
Section: 6, length: 1106
Section: 6, length: 1250
Section: 6, length: 191
Section: 5, length: 3579
Section: 6, length: 1816
Section: 6, length: 1413
Section: 6, length: 335
