Section: 2, length: 8
Section: 4, length: 7068
Section: 5, length: 3133
Section: 6, length: 2401
Section: 6, length: 353
Section: 6, length: 278
Section: 6, length: 81
Section: 5, length: 1480
Section: 6, length: 735
Section: 6, length: 601
Section: 6, length: 129
Section: 5, length: 2443
Section: 6, length: 1459
Section: 6, length: 817
Section: 6, length: 152
Section: 4, length: 7331
Section: 5, length: 3154
Section: 6, length: 2401
Section: 6, length: 352
Section: 6, length: 289
Section: 6, length: 92
Section: 5, length: 1585
Section: 6, length: 768
Section: 6, length: 657
Section: 6, length: 145
Section: 5, length: 2580
Section: 6, length: 1537
Section: 6, length: 863
Section: 6, length: 165
Section: 4, length: 7589
Section: 5, length: 3213
Section: 6, length: 2401
Section: 6, length: 365
Section: 6, length: 326
Section: 6, length: 101
Section: 5, length: 1644
Section: 6, length: 777
Section: 6, length: 701
Section: 6, length: 151
Section: 5, length: 2720
Section: 6, length: 1559
Section: 6, length: 964
Section: 6, length: 182
