Section: 2, length: 8
Section: 4, length: 6165
Section: 5, length: 3024
Section: 6, length: 2401
Section: 6, length: 256
Section: 6, length: 262
Section: 6, length: 85
Section: 5, length: 1273
Section: 6, length: 584
Section: 6, length: 545
Section: 6, length: 129
Section: 5, length: 1856
Section: 6, length: 923
Section: 6, length: 765
Section: 6, length: 153
Section: 4, length: 6428
Section: 5, length: 3067
Section: 6, length: 2401
Section: 6, length: 229
Section: 6, length: 338
Section: 6, length: 79
Section: 5, length: 1370
Section: 6, length: 504
Section: 6, length: 735
Section: 6, length: 116
Section: 5, length: 1979
Section: 6, length: 804
Section: 6, length: 1015
Section: 6, length: 145
Section: 4, length: 5819
Section: 5, length: 2945
Section: 6, length: 2401
Section: 6, length: 167
Section: 6, length: 295
Section: 6, length: 62
Section: 5, length: 1179
Section: 6, length: 410
Section: 6, length: 654
Section: 6, length: 100
Section: 5, length: 1683
Section: 6, length: 656
Section: 6, length: 881
Section: 6, length: 131
