Section: 2, length: 8
Section: 4, length: 14547
Section: 5, length: 8421
Section: 6, length: 7201
Section: 6, length: 388
Section: 6, length: 690
Section: 6, length: 122
Section: 5, length: 2393
Section: 6, length: 850
Section: 6, length: 1345
Section: 6, length: 183
Section: 5, length: 3721
Section: 6, length: 1499
Section: 6, length: 1860
Section: 6, length: 347
Section: 4, length: 14566
Section: 5, length: 8408
Section: 6, length: 7201
Section: 6, length: 399
Section: 6, length: 670
Section: 6, length: 118
Section: 5, length: 2358
Section: 6, length: 857
Section: 6, length: 1307
Section: 6, length: 179
Section: 5, length: 3788
Section: 6, length: 1514
Section: 6, length: 1909
Section: 6, length: 350
Section: 4, length: 14761
Section: 5, length: 8473
Section: 6, length: 7201
Section: 6, length: 407
Section: 6, length: 713
Section: 6, length: 132
Section: 5, length: 2471
Section: 6, length: 871
Section: 6, length: 1394
Section: 6, length: 191
Section: 5, length: 3805
Section: 6, length: 1471
Section: 6, length: 1965
Section: 6, length: 354
