Section: 2, length: 8
Section: 4, length: 6297
Section: 5, length: 2534
Section: 6, length: 1801
Section: 6, length: 307
Section: 6, length: 315
Section: 6, length: 91
Section: 5, length: 1600
Section: 6, length: 702
Section: 6, length: 743
Section: 6, length: 140
Section: 5, length: 2151
Section: 6, length: 1114
Section: 6, length: 882
Section: 6, length: 140
Section: 4, length: 5646
Section: 5, length: 2420
Section: 6, length: 1801
Section: 6, length: 258
Section: 6, length: 263
Section: 6, length: 78
Section: 5, length: 1388
Section: 6, length: 619
Section: 6, length: 632
Section: 6, length: 122
Section: 5, length: 1826
Section: 6, length: 975
Section: 6, length: 709
Section: 6, length: 127
Section: 4, length: 5667
Section: 5, length: 2418
Section: 6, length: 1801
Section: 6, length: 273
Section: 6, length: 252
Section: 6, length: 72
Section: 5, length: 1375
Section: 6, length: 638
Section: 6, length: 604
Section: 6, length: 118
Section: 5, length: 1862
Section: 6, length: 1026
Section: 6, length: 703
Section: 6, length: 118
Section: 4, length: 3268
Section: 5, length: 2034
Section: 6, length: 1801
Section: 6, length: 106
Section: 6, length: 83
Section: 6, length: 24
Section: 5, length: 564
Section: 6, length: 284
Section: 6, length: 218
Section: 6, length: 47
Section: 5, length: 658
Section: 6, length: 382
Section: 6, length: 183
Section: 6, length: 78
