Section: 2, length: 8
Section: 4, length: 2323
Section: 5, length: 850
Section: 6, length: 601
Section: 6, length: 116
Section: 6, length: 75
Section: 6, length: 38
Section: 5, length: 561
Section: 6, length: 273
Section: 6, length: 208
Section: 6, length: 65
Section: 5, length: 900
Section: 6, length: 530
Section: 6, length: 289
Section: 6, length: 66
Section: 4, length: 2636
Section: 5, length: 893
Section: 6, length: 601
Section: 6, length: 131
Section: 6, length: 97
Section: 6, length: 44
Section: 5, length: 667
Section: 6, length: 297
Section: 6, length: 278
Section: 6, length: 77
Section: 5, length: 1064
Section: 6, length: 570
Section: 6, length: 407
Section: 6, length: 72
Section: 4, length: 2276
Section: 5, length: 840
Section: 6, length: 601
Section: 6, length: 111
Section: 6, length: 74
Section: 6, length: 34
Section: 5, length: 553
Section: 6, length: 265
Section: 6, length: 213
Section: 6, length: 60
Section: 5, length: 871
Section: 6, length: 521
Section: 6, length: 276
Section: 6, length: 59
Section: 4, length: 1358
Section: 5, length: 719
Section: 6, length: 601
Section: 6, length: 48
Section: 6, length: 34
Section: 6, length: 16
Section: 5, length: 252
Section: 6, length: 130
Section: 6, length: 82
Section: 6, length: 25
Section: 5, length: 375
Section: 6, length: 233
Section: 6, length: 97
Section: 6, length: 30
