Section: 2, length: 8
Section: 4, length: 8035
Section: 5, length: 4709
Section: 6, length: 4081
Section: 6, length: 240
Section: 6, length: 296
Section: 6, length: 72
Section: 5, length: 1339
Section: 6, length: 603
Section: 6, length: 599
Section: 6, length: 122
Section: 5, length: 1975
Section: 6, length: 983
Section: 6, length: 787
Section: 6, length: 190
Section: 4, length: 8391
Section: 5, length: 4796
Section: 6, length: 4081
Section: 6, length: 281
Section: 6, length: 338
Section: 6, length: 76
Section: 5, length: 1469
Section: 6, length: 661
Section: 6, length: 671
Section: 6, length: 122
Section: 5, length: 2114
Section: 6, length: 1027
Section: 6, length: 871
Section: 6, length: 201
Section: 4, length: 7520
Section: 5, length: 4622
Section: 6, length: 4081
Section: 6, length: 214
Section: 6, length: 246
Section: 6, length: 61
Section: 5, length: 1147
Section: 6, length: 539
Section: 6, length: 487
Section: 6, length: 106
Section: 5, length: 1739
Section: 6, length: 885
Section: 6, length: 653
Section: 6, length: 186
Section: 4, length: 5896
Section: 5, length: 4364
Section: 6, length: 4081
Section: 6, length: 150
Section: 6, length: 91
Section: 6, length: 22
Section: 5, length: 674
Section: 6, length: 405
Section: 6, length: 185
Section: 6, length: 69
Section: 5, length: 846
Section: 6, length: 423
Section: 6, length: 239
Section: 6, length: 169
