Section: 2, length: 8
Section: 4, length: 28070
Section: 5, length: 18024
Section: 6, length: 16201
Section: 6, length: 899
Section: 6, length: 774
Section: 6, length: 130
Section: 5, length: 3929
Section: 6, length: 1881
Section: 6, length: 1765
Section: 6, length: 268
Section: 5, length: 6105
Section: 6, length: 3075
Section: 6, length: 2317
Section: 6, length: 698
Section: 4, length: 28666
Section: 5, length: 18101
Section: 6, length: 16201
Section: 6, length: 883
Section: 6, length: 861
Section: 6, length: 136
Section: 5, length: 3945
Section: 6, length: 1869
Section: 6, length: 1786
Section: 6, length: 275
Section: 5, length: 6608
Section: 6, length: 3248
Section: 6, length: 2643
Section: 6, length: 702
Section: 4, length: 29238
Section: 5, length: 18257
Section: 6, length: 16201
Section: 6, length: 905
Section: 6, length: 992
Section: 6, length: 139
Section: 5, length: 4223
Section: 6, length: 1892
Section: 6, length: 2042
Section: 6, length: 274
Section: 5, length: 6746
Section: 6, length: 3194
Section: 6, length: 2827
Section: 6, length: 710
