Section: 2, length: 8
Section: 4, length: 9126
Section: 5, length: 4889
Section: 6, length: 4081
Section: 6, length: 287
Section: 6, length: 421
Section: 6, length: 80
Section: 5, length: 1688
Section: 6, length: 643
Section: 6, length: 890
Section: 6, length: 140
Section: 5, length: 2537
Section: 6, length: 1111
Section: 6, length: 1192
Section: 6, length: 219
Section: 4, length: 8807
Section: 5, length: 4819
Section: 6, length: 4081
Section: 6, length: 259
Section: 6, length: 383
Section: 6, length: 76
Section: 5, length: 1573
Section: 6, length: 569
Section: 6, length: 854
Section: 6, length: 135
Section: 5, length: 2403
Section: 6, length: 1015
Section: 6, length: 1166
Section: 6, length: 207
Section: 4, length: 8220
Section: 5, length: 4738
Section: 6, length: 4081
Section: 6, length: 224
Section: 6, length: 344
Section: 6, length: 69
Section: 5, length: 1371
Section: 6, length: 517
Section: 6, length: 712
Section: 6, length: 127
Section: 5, length: 2099
Section: 6, length: 932
Section: 6, length: 950
Section: 6, length: 202
Section: 4, length: 6412
Section: 5, length: 4425
Section: 6, length: 4081
Section: 6, length: 149
Section: 6, length: 144
Section: 6, length: 31
Section: 5, length: 784
Section: 6, length: 358
Section: 6, length: 346
Section: 6, length: 65
Section: 5, length: 1191
Section: 6, length: 615
Section: 6, length: 390
Section: 6, length: 171
